[01:53:04] [Client thread/INFO]: Setting user: Player162
[01:53:06] [Client thread/INFO]: LWJGL Version: 2.9.1
[01:53:08] [Client thread/INFO]: Reloading ResourceManager: Default, FMLFileResourcePack:Forge Mod Loader, FMLFileResourcePack:Minecraft Forge, FMLFileResourcePack:mortero
[01:53:09] [Sound Library Loader/INFO]: Starting up SoundSystem...
[01:53:09] [Thread-9/INFO]: Initializing LWJGL OpenAL
[01:53:09] [Thread-9/INFO]: (The LWJGL binding of OpenAL.  For more information, see http://www.lwjgl.org)
[01:53:09] [Thread-9/INFO]: OpenAL initialized.
[01:53:09] [Sound Library Loader/INFO]: Sound engine started
[01:53:11] [Client thread/INFO]: Created: 16x16 textures-atlas
[01:53:12] [Client thread/INFO]: Reloading ResourceManager: Default, FMLFileResourcePack:Forge Mod Loader, FMLFileResourcePack:Minecraft Forge, FMLFileResourcePack:mortero
[01:53:13] [Client thread/INFO]: SoundSystem shutting down...
[01:53:13] [Client thread/WARN]: Author: Paul Lamb, www.paulscode.com
[01:53:13] [Sound Library Loader/INFO]: Starting up SoundSystem...
[01:53:13] [Thread-11/INFO]: Initializing LWJGL OpenAL
[01:53:13] [Thread-11/INFO]: (The LWJGL binding of OpenAL.  For more information, see http://www.lwjgl.org)
[01:53:13] [Thread-11/INFO]: OpenAL initialized.
[01:53:13] [Sound Library Loader/INFO]: Sound engine started
[01:53:15] [Client thread/WARN]: Texture mortero:textures/blocks/salitre_ore.png with size 21x21 limits mip level from 4 to 0
[01:53:15] [Client thread/INFO]: Created: 512x512 textures-atlas
[01:53:19] [Server thread/INFO]: Starting integrated minecraft server version 1.8
[01:53:19] [Server thread/INFO]: Generating keypair
[01:53:20] [Server thread/INFO]: Preparing start region for level 0
[01:53:21] [Server thread/INFO]: Changing view distance to 12, from 10
[01:53:22] [Server thread/INFO]: Player162[local:E:70517b7f] logged in with entity id 15 at (-720.336734049293, 67.0, 719.8069353478819)
[01:53:22] [Server thread/INFO]: Player162 joined the game
[01:53:23] [pool-2-thread-1/WARN]: Couldn't look up profile properties for com.mojang.authlib.GameProfile@d7b38cf[id=857939d7-cfd3-33df-b811-954d0fb8ea8e,name=Player162,properties={},legacy=false]
com.mojang.authlib.exceptions.AuthenticationException: The client has sent too many requests within a certain amount of time
	at com.mojang.authlib.yggdrasil.YggdrasilAuthenticationService.makeRequest(YggdrasilAuthenticationService.java:65) ~[YggdrasilAuthenticationService.class:?]
	at com.mojang.authlib.yggdrasil.YggdrasilMinecraftSessionService.fillGameProfile(YggdrasilMinecraftSessionService.java:158) [YggdrasilMinecraftSessionService.class:?]
	at com.mojang.authlib.yggdrasil.YggdrasilMinecraftSessionService$1.load(YggdrasilMinecraftSessionService.java:53) [YggdrasilMinecraftSessionService$1.class:?]
	at com.mojang.authlib.yggdrasil.YggdrasilMinecraftSessionService$1.load(YggdrasilMinecraftSessionService.java:50) [YggdrasilMinecraftSessionService$1.class:?]
	at com.google.common.cache.LocalCache$LoadingValueReference.loadFuture(LocalCache.java:3524) [guava-17.0.jar:?]
	at com.google.common.cache.LocalCache$Segment.loadSync(LocalCache.java:2317) [guava-17.0.jar:?]
	at com.google.common.cache.LocalCache$Segment.lockedGetOrLoad(LocalCache.java:2280) [guava-17.0.jar:?]
	at com.google.common.cache.LocalCache$Segment.get(LocalCache.java:2195) [guava-17.0.jar:?]
	at com.google.common.cache.LocalCache.get(LocalCache.java:3934) [guava-17.0.jar:?]
	at com.google.common.cache.LocalCache.getOrLoad(LocalCache.java:3938) [guava-17.0.jar:?]
	at com.google.common.cache.LocalCache$LocalLoadingCache.get(LocalCache.java:4821) [guava-17.0.jar:?]
	at com.google.common.cache.LocalCache$LocalLoadingCache.getUnchecked(LocalCache.java:4827) [guava-17.0.jar:?]
	at com.mojang.authlib.yggdrasil.YggdrasilMinecraftSessionService.fillProfileProperties(YggdrasilMinecraftSessionService.java:148) [YggdrasilMinecraftSessionService.class:?]
	at net.minecraft.client.resources.SkinManager$3.run(SkinManager.java:138) [SkinManager$3.class:?]
	at java.util.concurrent.Executors$RunnableAdapter.call(Unknown Source) [?:1.8.0_60]
	at java.util.concurrent.FutureTask.run(Unknown Source) [?:1.8.0_60]
	at java.util.concurrent.ThreadPoolExecutor.runWorker(Unknown Source) [?:1.8.0_60]
	at java.util.concurrent.ThreadPoolExecutor$Worker.run(Unknown Source) [?:1.8.0_60]
	at java.lang.Thread.run(Unknown Source) [?:1.8.0_60]
[01:53:27] [Server thread/INFO]: Saving and pausing game...
[01:53:27] [Server thread/INFO]: Saving chunks for level 'New World'/Overworld
[01:53:27] [Server thread/INFO]: Saving chunks for level 'New World'/Nether
[01:53:27] [Server thread/INFO]: Saving chunks for level 'New World'/The End
[01:54:18] [Server thread/INFO]: Saving and pausing game...
[01:54:18] [Server thread/INFO]: Saving chunks for level 'New World'/Overworld
[01:54:18] [Server thread/INFO]: Saving chunks for level 'New World'/Nether
[01:54:18] [Server thread/INFO]: Saving chunks for level 'New World'/The End
[01:54:34] [Server thread/INFO]: Player162 has just earned the achievement [Taking Inventory]
[01:54:34] [Client thread/INFO]: [CHAT] Player162 has just earned the achievement [Taking Inventory]
[01:54:39] [Server thread/INFO]: Saving and pausing game...
[01:54:39] [Server thread/INFO]: Saving chunks for level 'New World'/Overworld
[01:54:39] [Server thread/INFO]: Saving chunks for level 'New World'/Nether
[01:54:39] [Server thread/INFO]: Saving chunks for level 'New World'/The End
[01:54:44] [Server thread/INFO]: Saving and pausing game...
[01:54:44] [Server thread/INFO]: Saving chunks for level 'New World'/Overworld
[01:54:44] [Server thread/INFO]: Saving chunks for level 'New World'/Nether
[01:54:44] [Server thread/INFO]: Saving chunks for level 'New World'/The End
[01:54:45] [Server thread/INFO]: Stopping server
[01:54:45] [Server thread/INFO]: Saving players
[01:54:45] [Server thread/INFO]: Saving worlds
[01:54:45] [Server thread/INFO]: Saving chunks for level 'New World'/Overworld
[01:54:45] [Server thread/INFO]: Saving chunks for level 'New World'/Nether
[01:54:45] [Server thread/INFO]: Saving chunks for level 'New World'/The End
[01:54:46] [Client thread/INFO]: Stopping!
[01:54:46] [Client thread/INFO]: SoundSystem shutting down...
[01:54:46] [Client thread/WARN]: Author: Paul Lamb, www.paulscode.com
